-------------------------------------------------------------------------------
Test set: CourierLoginValidationTest
-------------------------------------------------------------------------------
Tests run: 4, Failures: 1, Errors: 0, Skipped: 0, Time elapsed: 68.957 s <<< FAILURE! - in CourierLoginValidationTest
courierLoginValidationTest[1](CourierLoginValidationTest)  Time elapsed: 61.181 s  <<< FAILURE!
java.lang.AssertionError: Некорректный код статуса expected:<400> but was:<504>
	at CourierLoginValidationTest.courierLoginValidationTest(CourierLoginValidationTest.java:50)

