<?xml version="1.0" encoding="UTF-8"?>
<testsuite xmlns:xsi="http://www.w3.org/2001/XMLSchema-instance" xsi:noNamespaceSchemaLocation="https://maven.apache.org/surefire/maven-surefire-plugin/xsd/surefire-test-report.xsd" name="CreateCourierNegativeTest" time="0.558" tests="2" errors="0" skipped="0" failures="0">
  <properties>
[...]
</properties>
  <testcase name="courierInvalidRequestTest[0]" classname="CreateCourierNegativeTest" time="0.269"/>
  <testcase name="courierInvalidRequestTest[1]" classname="CreateCourierNegativeTest" time="0.287"/>
</testsuite>